#
# There is insufficient memory for the Java Runtime Environment to continue.
# Native memory allocation (mmap) failed to map 98566144 bytes for committing reserved memory.
# Possible reasons:
#   The system is out of physical RAM or swap space
#   In 32 bit mode, the process size limit was hit
# Possible solutions:
#   Reduce memory load on the system
#   Increase physical memory or swap space
#   Check if swap backing store is full
#   Use 64 bit Java on a 64 bit OS
#   Decrease Java heap size (-Xmx/-Xms)
#   Decrease number of Java threads
#   Decrease Java thread stack sizes (-Xss)
#   Set larger code cache with -XX:ReservedCodeCacheSize=
# This output file may be truncated or incomplete.
#
#  Out of Memory Error (os_linux.cpp:2743), pid=4849, tid=0x00007f3ea4736700
#
# JRE version: Java(TM) SE Runtime Environment (8.0_191-b12) (build 1.8.0_191-b12)
# Java VM: Java HotSpot(TM) 64-Bit Server VM (25.191-b12 mixed mode linux-amd64 compressed oops)
# Failed to write core dump. Core dumps have been disabled. To enable core dumping, try "ulimit -c unlimited" before starting Java again
#

---------------  T H R E A D  ---------------

Current thread (0x00007f3ebc075800):  VMThread [stack: 0x00007f3ea4637000,0x00007f3ea4737000] [id=4863]

Stack: [0x00007f3ea4637000,0x00007f3ea4737000],  sp=0x00007f3ea4735490,  free space=1017k
Native frames: (J=compiled Java code, j=interpreted, Vv=VM code, C=native code)
V  [libjvm.so+0xace425]  VMError::report_and_die()+0x2c5
V  [libjvm.so+0x4deb77]  report_vm_out_of_memory(char const*, int, unsigned long, VMErrorType, char const*)+0x67
V  [libjvm.so+0x90c570]  os::pd_commit_memory(char*, unsigned long, unsigned long, bool)+0x100
V  [libjvm.so+0x903eaf]  os::commit_memory(char*, unsigned long, unsigned long, bool)+0x1f
V  [libjvm.so+0x988346]  PSVirtualSpace::expand_by(unsigned long)+0x56
V  [libjvm.so+0x9895d8]  PSYoungGen::resize(unsigned long, unsigned long)+0xd8
V  [libjvm.so+0x985d66]  PSScavenge::invoke_no_policy()+0x1356
V  [libjvm.so+0x97e7d9]  PSParallelCompact::invoke(bool)+0x49
V  [libjvm.so+0xacfe56]  VM_ParallelGCSystemGC::doit()+0xa6
V  [libjvm.so+0xad50f6]  VM_Operation::evaluate()+0x46
V  [libjvm.so+0xad347d]  VMThread::evaluate_operation(VM_Operation*) [clone .constprop.44]+0xcd
V  [libjvm.so+0xad3a3b]  VMThread::loop()+0x37b
V  [libjvm.so+0xad3de8]  VMThread::run()+0x78
V  [libjvm.so+0x909c92]  java_start(Thread*)+0x102

VM_Operation (0x00007f3ec3035a30): ParallelGCSystemGC, mode: safepoint, requested by thread 0x00007f3ebc00b800


---------------  P R O C E S S  ---------------

Java Threads: ( => current thread )
  0x00007f3ebc0d6000 JavaThread "Service Thread" daemon [_thread_blocked, id=4869, stack(0x00007f3ea4030000,0x00007f3ea4131000)]
  0x00007f3ebc0b9000 JavaThread "C1 CompilerThread1" daemon [_thread_blocked, id=4868, stack(0x00007f3ea4132000,0x00007f3ea4232000)]
  0x00007f3ebc0b6000 JavaThread "C2 CompilerThread0" daemon [_thread_blocked, id=4867, stack(0x00007f3ea4233000,0x00007f3ea4333000)]
  0x00007f3ebc0b4800 JavaThread "Signal Dispatcher" daemon [_thread_blocked, id=4866, stack(0x00007f3ea4333000,0x00007f3ea4434000)]
  0x00007f3ebc081800 JavaThread "Finalizer" daemon [_thread_blocked, id=4865, stack(0x00007f3ea4434000,0x00007f3ea4535000)]
  0x00007f3ebc07f000 JavaThread "Reference Handler" daemon [_thread_blocked, id=4864, stack(0x00007f3ea4535000,0x00007f3ea4636000)]
  0x00007f3ebc00b800 JavaThread "main" [_thread_blocked, id=4860, stack(0x00007f3ec2f38000,0x00007f3ec3038000)]

Other Threads:
=>0x00007f3ebc075800 VMThread [stack: 0x00007f3ea4637000,0x00007f3ea4737000] [id=4863]
  0x00007f3ebc0db000 WatcherThread [stack: 0x00007f3e93531000,0x00007f3e93631000] [id=4870]

VM state:at safepoint (normal execution)

VM Mutex/Monitor currently owned by a thread:  ([mutex/lock_event])
[0x00007f3ebc007d20] Threads_lock - owner thread: 0x00007f3ebc075800
[0x00007f3ebc008220] Heap_lock - owner thread: 0x00007f3ebc00b800

Heap:
 PSYoungGen      total 180736K, used 12770K [0x00000000e5800000, 0x00000000f1500000, 0x0000000100000000)
  eden space 167936K, 0% used [0x00000000e5800000,0x00000000e5800000,0x00000000efc00000)
  from space 12800K, 99% used [0x00000000efc00000,0x00000000f0878890,0x00000000f0880000)
  to   space 12800K, 0% used [0x00000000f0880000,0x00000000f0880000,0x00000000f1500000)
 ParOldGen       total 57344K, used 23543K [0x00000000b0800000, 0x00000000b4000000, 0x00000000e5800000)
  object space 57344K, 41% used [0x00000000b0800000,0x00000000b1efdde0,0x00000000b4000000)
 Metaspace       used 25972K, capacity 26634K, committed 26752K, reserved 1073152K
  class space    used 2973K, capacity 3134K, committed 3200K, reserved 1048576K

Card table byte_map: [0x00007f3eac7a7000,0x00007f3eaca24000] byte_map_base: 0x00007f3eac223000

Marking Bits: (ParMarkBitMap*) 0x00007f3ec23e2d40
 Begin Bits: [0x00007f3ea5840000, 0x00007f3ea6c20000)
 End Bits:   [0x00007f3ea6c20000, 0x00007f3ea8000000)

Polling page: 0x00007f3ec3052000

CodeCache: size=245760Kb used=16367Kb max_used=16466Kb free=229392Kb
 bounds [0x00007f3eacde4000, 0x00007f3eade14000, 0x00007f3ebbde4000]
 total_blobs=5860 nmethods=5469 adapters=304
 compilation: enabled

Compilation events (10 events):
Event: 20,274 Thread 0x00007f3ebc0b9000 5887       3       java.util.Calendar$Builder::setTimeZone (19 bytes)
Event: 20,279 Thread 0x00007f3ebc0b9000 nmethod 5887 0x00007f3eacfbed50 code [0x00007f3eacfbeec0, 0x00007f3eacfbf128]
Event: 20,281 Thread 0x00007f3ebc0b9000 5888       3       java.util.Calendar$Builder::setInstant (27 bytes)
Event: 20,282 Thread 0x00007f3ebc0b9000 nmethod 5888 0x00007f3eacfbe890 code [0x00007f3eacfbea00, 0x00007f3eacfbec68]
Event: 20,282 Thread 0x00007f3ebc0b9000 5889  s    1       java.lang.StringBuffer::length (5 bytes)
Event: 20,283 Thread 0x00007f3ebc0b9000 nmethod 5889 0x00007f3ead547d10 code [0x00007f3ead547e60, 0x00007f3ead5480d0]
Event: 20,284 Thread 0x00007f3ebc0b6000 nmethod 5879 0x00007f3eaddb9990 code [0x00007f3eaddb9ae0, 0x00007f3eaddb9b58]
Event: 20,285 Thread 0x00007f3ebc0b6000 5874       4       com.google.inject.internal.Errors::checkForNull (238 bytes)
Event: 20,295 Thread 0x00007f3ebc0b9000 5890       3       java.io.BufferedWriter::ensureOpen (18 bytes)
Event: 20,295 Thread 0x00007f3ebc0b9000 nmethod 5890 0x00007f3ead71dc90 code [0x00007f3ead71de00, 0x00007f3ead71e048]

GC Heap History (10 events):
Event: 2,694 GC heap after
Heap after GC invocations=3 (full 0):
 PSYoungGen      total 45056K, used 3040K [0x00000000e5800000, 0x00000000eb000000, 0x0000000100000000)
  eden space 41984K, 0% used [0x00000000e5800000,0x00000000e5800000,0x00000000e8100000)
  from space 3072K, 98% used [0x00000000e8100000,0x00000000e83f8040,0x00000000e8400000)
  to   space 3072K, 0% used [0x00000000ead00000,0x00000000ead00000,0x00000000eb000000)
 ParOldGen       total 54784K, used 9814K [0x00000000b0800000, 0x00000000b3d80000, 0x00000000e5800000)
  object space 54784K, 17% used [0x00000000b0800000,0x00000000b1195af8,0x00000000b3d80000)
 Metaspace       used 14494K, capacity 14766K, committed 14976K, reserved 1062912K
  class space    used 1792K, capacity 1879K, committed 1920K, reserved 1048576K
}
Event: 3,280 GC heap before
{Heap before GC invocations=4 (full 0):
 PSYoungGen      total 45056K, used 45024K [0x00000000e5800000, 0x00000000eb000000, 0x0000000100000000)
  eden space 41984K, 100% used [0x00000000e5800000,0x00000000e8100000,0x00000000e8100000)
  from space 3072K, 98% used [0x00000000e8100000,0x00000000e83f8040,0x00000000e8400000)
  to   space 3072K, 0% used [0x00000000ead00000,0x00000000ead00000,0x00000000eb000000)
 ParOldGen       total 54784K, used 9814K [0x00000000b0800000, 0x00000000b3d80000, 0x00000000e5800000)
  object space 54784K, 17% used [0x00000000b0800000,0x00000000b1195af8,0x00000000b3d80000)
 Metaspace       used 15099K, capacity 15386K, committed 15488K, reserved 1062912K
  class space    used 1828K, capacity 1913K, committed 1920K, reserved 1048576K
Event: 3,295 GC heap after
Heap after GC invocations=4 (full 0):
 PSYoungGen      total 87040K, used 3072K [0x00000000e5800000, 0x00000000eb000000, 0x0000000100000000)
  eden space 83968K, 0% used [0x00000000e5800000,0x00000000e5800000,0x00000000eaa00000)
  from space 3072K, 100% used [0x00000000ead00000,0x00000000eb000000,0x00000000eb000000)
  to   space 3072K, 0% used [0x00000000eaa00000,0x00000000eaa00000,0x00000000ead00000)
 ParOldGen       total 54784K, used 15631K [0x00000000b0800000, 0x00000000b3d80000, 0x00000000e5800000)
  object space 54784K, 28% used [0x00000000b0800000,0x00000000b1743f40,0x00000000b3d80000)
 Metaspace       used 15099K, capacity 15386K, committed 15488K, reserved 1062912K
  class space    used 1828K, capacity 1913K, committed 1920K, reserved 1048576K
}
Event: 5,074 GC heap before
{Heap before GC invocations=5 (full 0):
 PSYoungGen      total 87040K, used 87040K [0x00000000e5800000, 0x00000000eb000000, 0x0000000100000000)
  eden space 83968K, 100% used [0x00000000e5800000,0x00000000eaa00000,0x00000000eaa00000)
  from space 3072K, 100% used [0x00000000ead00000,0x00000000eb000000,0x00000000eb000000)
  to   space 3072K, 0% used [0x00000000eaa00000,0x00000000eaa00000,0x00000000ead00000)
 ParOldGen       total 54784K, used 15631K [0x00000000b0800000, 0x00000000b3d80000, 0x00000000e5800000)
  object space 54784K, 28% used [0x00000000b0800000,0x00000000b1743f40,0x00000000b3d80000)
 Metaspace       used 16967K, capacity 17396K, committed 17792K, reserved 1064960K
  class space    used 1994K, capacity 2066K, committed 2176K, reserved 1048576K
Event: 5,121 GC heap after
Heap after GC invocations=5 (full 0):
 PSYoungGen      total 87040K, used 3040K [0x00000000e5800000, 0x00000000f1500000, 0x0000000100000000)
  eden space 83968K, 0% used [0x00000000e5800000,0x00000000e5800000,0x00000000eaa00000)
  from space 3072K, 98% used [0x00000000eaa00000,0x00000000eacf8020,0x00000000ead00000)
  to   space 12800K, 0% used [0x00000000f0880000,0x00000000f0880000,0x00000000f1500000)
 ParOldGen       total 54784K, used 22141K [0x00000000b0800000, 0x00000000b3d80000, 0x00000000e5800000)
  object space 54784K, 40% used [0x00000000b0800000,0x00000000b1d9f5e8,0x00000000b3d80000)
 Metaspace       used 16967K, capacity 17396K, committed 17792K, reserved 1064960K
  class space    used 1994K, capacity 2066K, committed 2176K, reserved 1048576K
}
Event: 5,655 GC heap before
{Heap before GC invocations=6 (full 0):
 PSYoungGen      total 87040K, used 25143K [0x00000000e5800000, 0x00000000f1500000, 0x0000000100000000)
  eden space 83968K, 26% used [0x00000000e5800000,0x00000000e6d95eb0,0x00000000eaa00000)
  from space 3072K, 98% used [0x00000000eaa00000,0x00000000eacf8020,0x00000000ead00000)
  to   space 12800K, 0% used [0x00000000f0880000,0x00000000f0880000,0x00000000f1500000)
 ParOldGen       total 54784K, used 22141K [0x00000000b0800000, 0x00000000b3d80000, 0x00000000e5800000)
  object space 54784K, 40% used [0x00000000b0800000,0x00000000b1d9f5e8,0x00000000b3d80000)
 Metaspace       used 20625K, capacity 21132K, committed 21296K, reserved 1069056K
  class space    used 2488K, capacity 2654K, committed 2688K, reserved 1048576K
Event: 5,677 GC heap after
Heap after GC invocations=6 (full 0):
 PSYoungGen      total 180736K, used 4691K [0x00000000e5800000, 0x00000000f1500000, 0x0000000100000000)
  eden space 167936K, 0% used [0x00000000e5800000,0x00000000e5800000,0x00000000efc00000)
  from space 12800K, 36% used [0x00000000f0880000,0x00000000f0d14c88,0x00000000f1500000)
  to   space 12800K, 0% used [0x00000000efc00000,0x00000000efc00000,0x00000000f0880000)
 ParOldGen       total 54784K, used 22141K [0x00000000b0800000, 0x00000000b3d80000, 0x00000000e5800000)
  object space 54784K, 40% used [0x00000000b0800000,0x00000000b1d9f5e8,0x00000000b3d80000)
 Metaspace       used 20625K, capacity 21132K, committed 21296K, reserved 1069056K
  class space    used 2488K, capacity 2654K, committed 2688K, reserved 1048576K
}
Event: 5,677 GC heap before
{Heap before GC invocations=7 (full 1):
 PSYoungGen      total 180736K, used 4691K [0x00000000e5800000, 0x00000000f1500000, 0x0000000100000000)
  eden space 167936K, 0% used [0x00000000e5800000,0x00000000e5800000,0x00000000efc00000)
  from space 12800K, 36% used [0x00000000f0880000,0x00000000f0d14c88,0x00000000f1500000)
  to   space 12800K, 0% used [0x00000000efc00000,0x00000000efc00000,0x00000000f0880000)
 ParOldGen       total 54784K, used 22141K [0x00000000b0800000, 0x00000000b3d80000, 0x00000000e5800000)
  object space 54784K, 40% used [0x00000000b0800000,0x00000000b1d9f5e8,0x00000000b3d80000)
 Metaspace       used 20625K, capacity 21132K, committed 21296K, reserved 1069056K
  class space    used 2488K, capacity 2654K, committed 2688K, reserved 1048576K
Event: 5,812 GC heap after
Heap after GC invocations=7 (full 1):
 PSYoungGen      total 180736K, used 0K [0x00000000e5800000, 0x00000000f1500000, 0x0000000100000000)
  eden space 167936K, 0% used [0x00000000e5800000,0x00000000e5800000,0x00000000efc00000)
  from space 12800K, 0% used [0x00000000f0880000,0x00000000f0880000,0x00000000f1500000)
  to   space 12800K, 0% used [0x00000000efc00000,0x00000000efc00000,0x00000000f0880000)
 ParOldGen       total 57344K, used 16458K [0x00000000b0800000, 0x00000000b4000000, 0x00000000e5800000)
  object space 57344K, 28% used [0x00000000b0800000,0x00000000b18129c8,0x00000000b4000000)
 Metaspace       used 20625K, capacity 21132K, committed 21296K, reserved 1069056K
  class space    used 2488K, capacity 2654K, committed 2688K, reserved 1048576K
}
Event: 20,313 GC heap before
{Heap before GC invocations=8 (full 1):
 PSYoungGen      total 180736K, used 163020K [0x00000000e5800000, 0x00000000f1500000, 0x0000000100000000)
  eden space 167936K, 97% used [0x00000000e5800000,0x00000000ef733130,0x00000000efc00000)
  from space 12800K, 0% used [0x00000000f0880000,0x00000000f0880000,0x00000000f1500000)
  to   space 12800K, 0% used [0x00000000efc00000,0x00000000efc00000,0x00000000f0880000)
 ParOldGen       total 57344K, used 16458K [0x00000000b0800000, 0x00000000b4000000, 0x00000000e5800000)
  object space 57344K, 28% used [0x00000000b0800000,0x00000000b18129c8,0x00000000b4000000)
 Metaspace       used 25972K, capacity 26634K, committed 26752K, reserved 1073152K
  class space    used 2973K, capacity 3134K, committed 3200K, reserved 1048576K

Deoptimization events (10 events):
Event: 7,145 Thread 0x00007f3ebc00b800 Uncommon trap: reason=bimorphic action=maybe_recompile pc=0x00007f3ead378db8 method=java.util.regex.Pattern$CharProperty.match(Ljava/util/regex/Matcher;ILjava/lang/CharSequence;)Z @ 37
Event: 7,917 Thread 0x00007f3ebc00b800 Uncommon trap: reason=unstable_if action=reinterpret pc=0x00007f3eacef8f9c method=com.sun.tools.javac.util.IntHashTable.lookup(Ljava/lang/Object;I)I @ 67
Event: 8,078 Thread 0x00007f3ebc00b800 Uncommon trap: reason=unstable_if action=reinterpret pc=0x00007f3eadb97870 method=com.sun.tools.javac.code.Scope.lookup(Lcom/sun/tools/javac/util/Name;Lcom/sun/tools/javac/util/Filter;)Lcom/sun/tools/javac/code/Scope$Entry; @ 19
Event: 8,124 Thread 0x00007f3ebc00b800 Uncommon trap: reason=unstable_if action=reinterpret pc=0x00007f3eadb5033c method=com.sun.tools.javac.code.Type$ClassType.getTypeArguments()Lcom/sun/tools/javac/util/List; @ 4
Event: 8,711 Thread 0x00007f3ebc00b800 Uncommon trap: reason=speculate_class_check action=maybe_recompile pc=0x00007f3ead6d1e98 method=java.nio.charset.CharsetDecoder.decode(Ljava/nio/ByteBuffer;Ljava/nio/CharBuffer;Z)Ljava/nio/charset/CoderResult; @ 57
Event: 8,713 Thread 0x00007f3ebc00b800 Uncommon trap: reason=speculate_class_check action=maybe_recompile pc=0x00007f3ead6d1e98 method=java.nio.charset.CharsetDecoder.decode(Ljava/nio/ByteBuffer;Ljava/nio/CharBuffer;Z)Ljava/nio/charset/CoderResult; @ 57
Event: 8,713 Thread 0x00007f3ebc00b800 Uncommon trap: reason=speculate_class_check action=maybe_recompile pc=0x00007f3ead6d1e98 method=java.nio.charset.CharsetDecoder.decode(Ljava/nio/ByteBuffer;Ljava/nio/CharBuffer;Z)Ljava/nio/charset/CoderResult; @ 57
Event: 8,714 Thread 0x00007f3ebc00b800 Uncommon trap: reason=speculate_class_check action=maybe_recompile pc=0x00007f3ead6d1e98 method=java.nio.charset.CharsetDecoder.decode(Ljava/nio/ByteBuffer;Ljava/nio/CharBuffer;Z)Ljava/nio/charset/CoderResult; @ 57
Event: 11,539 Thread 0x00007f3ebc00b800 Uncommon trap: reason=unstable_if action=reinterpret pc=0x00007f3ead059574 method=sun.nio.cs.StreamDecoder.read0()I @ 11
Event: 18,856 Thread 0x00007f3ebc00b800 Uncommon trap: reason=unstable_if action=reinterpret pc=0x00007f3eadd38ad4 method=org.codehaus.plexus.classworlds.realm.Entry.matches(Ljava/lang/String;)Z @ 150

Classes redefined (0 events):
No events

Internal exceptions (10 events):
Event: 2,291 Thread 0x00007f3ebc00b800 Exception <a 'java/lang/NullPointerException'> (0x00000000e7349f98) thrown at [/HUDSON/workspace/8-2-build-linux-amd64/jdk8u191/11894/hotspot/src/share/vm/interpreter/linkResolver.cpp, line 1185]
Event: 2,292 Thread 0x00007f3ebc00b800 Exception <a 'java/lang/NullPointerException'> (0x00000000e735b6e8) thrown at [/HUDSON/workspace/8-2-build-linux-amd64/jdk8u191/11894/hotspot/src/share/vm/interpreter/linkResolver.cpp, line 1185]
Event: 2,292 Thread 0x00007f3ebc00b800 Exception <a 'java/lang/NullPointerException'> (0x00000000e735b900) thrown at [/HUDSON/workspace/8-2-build-linux-amd64/jdk8u191/11894/hotspot/src/share/vm/interpreter/linkResolver.cpp, line 1185]
Event: 2,292 Thread 0x00007f3ebc00b800 Exception <a 'java/lang/NullPointerException'> (0x00000000e735bb18) thrown at [/HUDSON/workspace/8-2-build-linux-amd64/jdk8u191/11894/hotspot/src/share/vm/interpreter/linkResolver.cpp, line 1185]
Event: 2,942 Thread 0x00007f3ebc00b800 Implicit null exception at 0x00007f3ead09dbb5 to 0x00007f3ead09dd99
Event: 2,942 Thread 0x00007f3ebc00b800 Implicit null exception at 0x00007f3ead126e2f to 0x00007f3ead126e99
Event: 3,228 Thread 0x00007f3ebc00b800 Implicit null exception at 0x00007f3ead4d87c9 to 0x00007f3ead4d92fd
Event: 5,262 Thread 0x00007f3ebc00b800 Exception <a 'java/lang/ClassNotFoundException': com/sun/tools/javac/api/JavacTool> (0x00000000e626f9d8) thrown at [/HUDSON/workspace/8-2-build-linux-amd64/jdk8u191/11894/hotspot/src/share/vm/classfile/systemDictionary.cpp, line 210]
Event: 6,508 Thread 0x00007f3ebc00b800 Exception <a 'java/io/FileNotFoundException'> (0x00000000e7eb05d8) thrown at [/HUDSON/workspace/8-2-build-linux-amd64/jdk8u191/11894/hotspot/src/share/vm/prims/jni.cpp, line 709]
Event: 6,515 Thread 0x00007f3ebc00b800 Exception <a 'java/io/FileNotFoundException'> (0x00000000e7ee5a00) thrown at [/HUDSON/workspace/8-2-build-linux-amd64/jdk8u191/11894/hotspot/src/share/vm/prims/jni.cpp, line 709]

Events (10 events):
Event: 20,284 Thread 0x00007f3ebc0b6000 flushing nmethod 0x00007f3ead71f810
Event: 20,284 Thread 0x00007f3ebc0b6000 flushing nmethod 0x00007f3ead72de10
Event: 20,284 Thread 0x00007f3ebc0b6000 flushing nmethod 0x00007f3ead72efd0
Event: 20,284 Thread 0x00007f3ebc0b6000 flushing nmethod 0x00007f3ead77ced0
Event: 20,284 Thread 0x00007f3ebc0b6000 flushing nmethod 0x00007f3ead787210
Event: 20,288 loading class org/apache/maven/artifact/repository/metadata/AbstractRepositoryMetadata
Event: 20,288 loading class org/apache/maven/artifact/repository/metadata/AbstractRepositoryMetadata done
Event: 20,293 loading class org/apache/maven/artifact/repository/metadata/ArtifactRepositoryMetadata
Event: 20,293 loading class org/apache/maven/artifact/repository/metadata/ArtifactRepositoryMetadata done
Event: 20,310 Executing VM operation: ParallelGCSystemGC


Dynamic libraries:
00400000-00401000 r-xp 00000000 fd:00 1981963                            /usr/local/java/jdk1.8.0_191/bin/java
00600000-00601000 r--p 00000000 fd:00 1981963                            /usr/local/java/jdk1.8.0_191/bin/java
00601000-00602000 rw-p 00001000 fd:00 1981963                            /usr/local/java/jdk1.8.0_191/bin/java
01eff000-01f20000 rw-p 00000000 00:00 0                                  [heap]
b0800000-b4000000 rw-p 00000000 00:00 0 
b4000000-e5800000 ---p 00000000 00:00 0 
e5800000-f1500000 rw-p 00000000 00:00 0 
f7300000-100000000 ---p 00000000 00:00 0 
100000000-100320000 rw-p 00000000 00:00 0 
100320000-140000000 ---p 00000000 00:00 0 
7f3e7c000000-7f3e7c021000 rw-p 00000000 00:00 0 
7f3e7c021000-7f3e80000000 ---p 00000000 00:00 0 
7f3e80000000-7f3e80021000 rw-p 00000000 00:00 0 
7f3e80021000-7f3e84000000 ---p 00000000 00:00 0 
7f3e84000000-7f3e85ddc000 rw-p 00000000 00:00 0 
7f3e85ddc000-7f3e88000000 ---p 00000000 00:00 0 
7f3e88000000-7f3e88d56000 rw-p 00000000 00:00 0 
7f3e88d56000-7f3e8c000000 ---p 00000000 00:00 0 
7f3e8c000000-7f3e8c021000 rw-p 00000000 00:00 0 
7f3e8c021000-7f3e90000000 ---p 00000000 00:00 0 
7f3e91e60000-7f3e91f60000 rw-p 00000000 00:00 0 
7f3e91f60000-7f3e92060000 ---p 00000000 00:00 0 
7f3e92060000-7f3e92260000 rw-p 00000000 00:00 0 
7f3e92260000-7f3e92267000 r--s 00000000 fd:00 2493732                    /usr/lib/x86_64-linux-gnu/gconv/gconv-modules.cache
7f3e92267000-7f3e92288000 r--p 00000000 fd:00 2888939                    /usr/share/locale-langpack/it/LC_MESSAGES/libc.mo
7f3e923d4000-7f3e923d8000 r--s 00037000 fd:00 4460802                    /home/leonardo/.m2/repository/org/codehaus/plexus/plexus-utils/3.0.15/plexus-utils-3.0.15.jar
7f3e923d8000-7f3e923db000 r--s 00023000 fd:00 406094                     /home/leonardo/.m2/repository/org/apache/maven/shared/maven-shared-utils/0.4/maven-shared-utils-0.4.jar
7f3e923db000-7f3e923e1000 r--s 00033000 fd:00 3675729                    /home/leonardo/.m2/repository/commons-codec/commons-codec/1.6/commons-codec-1.6.jar
7f3e923e1000-7f3e923e3000 r--s 00007000 fd:00 406083                     /home/leonardo/.m2/repository/org/apache/maven/plugins/maven-install-plugin/2.5.2/maven-install-plugin-2.5.2.jar
7f3e923e3000-7f3e923ea000 r--s 00056000 fd:00 3805336                    /home/leonardo/.m2/repository/org/apache/commons/commons-compress/1.9/commons-compress-1.9.jar
7f3e923ea000-7f3e923ee000 r--s 00027000 fd:00 3675735                    /home/leonardo/.m2/repository/commons-io/commons-io/2.2/commons-io-2.2.jar
7f3e923ee000-7f3e923f1000 r--s 00011000 fd:00 405769                     /home/leonardo/.m2/repository/org/codehaus/plexus/plexus-io/2.4/plexus-io-2.4.jar
7f3e923f1000-7f3e923f5000 r--s 00020000 fd:00 405771                     /home/leonardo/.m2/repository/org/codehaus/plexus/plexus-archiver/2.9/plexus-archiver-2.9.jar
7f3e923f5000-7f3e923f9000 r--s 00038000 fd:00 4460789                    /home/leonardo/.m2/repository/org/codehaus/plexus/plexus-utils/3.0.20/plexus-utils-3.0.20.jar
7f3e923f9000-7f3e923fa000 r--s 00005000 fd:00 4460718                    /home/leonardo/.m2/repository/org/apache/maven/maven-archiver/2.6/maven-archiver-2.6.jar
7f3e923fa000-7f3e923fc000 r--s 00009000 fd:00 4197588                    /home/leonardo/.m2/repository/commons-cli/commons-cli/1.2/commons-cli-1.2.jar
7f3e923fc000-7f3e923fd000 r--s 00002000 fd:00 4197581                    /home/leonardo/.m2/repository/org/apache/maven/doxia/doxia-logging-api/1.1/doxia-logging-api-1.1.jar
7f3e923fd000-7f3e923ff000 r--s 00002000 fd:00 4197579                    /home/leonardo/.m2/repository/org/apache/maven/doxia/doxia-sink-api/1.1/doxia-sink-api-1.1.jar
7f3e923ff000-7f3e92400000 r--s 00002000 fd:00 4197577                    /home/leonardo/.m2/repository/org/apache/maven/reporting/maven-reporting-api/2.2.1/maven-reporting-api-2.2.1.jar
7f3e92400000-7f3e92402000 r--s 00005000 fd:00 405744                     /home/leonardo/.m2/repository/org/apache/maven/plugins/maven-jar-plugin/2.6/maven-jar-plugin-2.6.jar
7f3e92402000-7f3e92404000 r--s 00002000 fd:00 4329081                    /home/leonardo/.m2/repository/org/apache/maven/plugin-tools/maven-plugin-annotations/3.3/maven-plugin-annotations-3.3.jar
7f3e92404000-7f3e92409000 r--s 00020000 fd:00 406061                     /home/leonardo/.m2/repository/org/apache/maven/surefire/surefire-api/2.18.1/surefire-api-2.18.1.jar
7f3e92409000-7f3e9240f000 r--s 00048000 fd:00 3936023                    /home/leonardo/.m2/repository/org/apache/commons/commons-lang3/3.1/commons-lang3-3.1.jar
7f3e9240f000-7f3e92411000 r--s 00002000 fd:00 3021807                    /home/leonardo/.m2/repository/org/sonatype/plexus/plexus-cipher/1.4/plexus-cipher-1.4.jar
7f3e92411000-7f3e92412000 r--s 00006000 fd:00 2763021                    /home/leonardo/.m2/repository/org/sonatype/plexus/plexus-sec-dispatcher/1.3/plexus-sec-dispatcher-1.3.jar
7f3e92412000-7f3e92413000 r--s 00002000 fd:00 4460719                    /home/leonardo/.m2/repository/org/apache/maven/reporting/maven-reporting-api/3.0/maven-reporting-api-3.0.jar
7f3e92413000-7f3e92415000 r--s 00003000 fd:00 3675677                    /home/leonardo/.m2/repository/org/slf4j/jcl-over-slf4j/1.5.6/jcl-over-slf4j-1.5.6.jar
7f3e92415000-7f3e92417000 r--s 00001000 fd:00 4197573                    /home/leonardo/.m2/repository/org/slf4j/slf4j-jdk14/1.5.6/slf4j-jdk14-1.5.6.jar
7f3e92417000-7f3e92419000 r--s 0000b000 fd:00 4197597                    /home/leonardo/.m2/repository/org/codehaus/plexus/plexus-interpolation/1.11/plexus-interpolation-1.11.jar
7f3e92419000-7f3e92421000 r--s 00049000 fd:00 4069303                    /home/leonardo/.m2/repository/backport-util-concurrent/backport-util-concurrent/3.1/backport-util-concurrent-3.1.jar
7f3e92421000-7f3e92425000 r--s 00034000 fd:00 4197650                    /home/leonardo/.m2/repository/org/codehaus/plexus/plexus-utils/1.5.15/plexus-utils-1.5.15.jar
7f3e92425000-7f3e92427000 r--s 00008000 fd:00 406063                     /home/leonardo/.m2/repository/org/apache/maven/surefire/surefire-booter/2.18.1/surefire-booter-2.18.1.jar
7f3e92427000-7f3e9242d000 r--s 0003e000 fd:00 406059                     /home/leonardo/.m2/repository/org/apache/maven/surefire/maven-surefire-common/2.18.1/maven-surefire-common-2.18.1.jar
7f3e9242d000-7f3e9242f000 r--s 00008000 fd:00 406009                     /home/leonardo/.m2/repository/org/apache/maven/plugins/maven-surefire-plugin/2.18.1/maven-surefire-plugin-2.18.1.jar
7f3e9242f000-7f3e9262f000 rw-p 00000000 00:00 0 
7f3e9262f000-7f3e9282f000 rw-p 00000000 00:00 0 
7f3e9282f000-7f3e928a8000 r--s 010fb000 fd:00 1982070                    /usr/local/java/jdk1.8.0_191/lib/tools.jar
7f3e928a8000-7f3e928ab000 r--s 0001b000 fd:00 3540854                    /home/leonardo/.m2/repository/junit/junit/3.8.2/junit-3.8.2.jar
7f3e928ab000-7f3e928b9000 r--s 0008f000 fd:00 4197646                    /home/leonardo/.m2/repository/com/google/collections/google-collections/1.0/google-collections-1.0.jar
7f3e928b9000-7f3e928ba000 r--s 0000a000 fd:00 3675731                    /home/leonardo/.m2/repository/commons-logging/commons-logging-api/1.1/commons-logging-api-1.1.jar
7f3e928ba000-7f3e928c1000 r--s 00051000 fd:00 3805331                    /home/leonardo/.m2/repository/log4j/log4j/1.2.12/log4j-1.2.12.jar
7f3e928c1000-7f3e928c5000 r--s 0001d000 fd:00 4069357                    /home/leonardo/.m2/repository/org/apache/xbean/xbean-reflect/3.4/xbean-reflect-3.4.jar
7f3e928c5000-7f3e928c6000 r--s 00004000 fd:00 405986                     /home/leonardo/.m2/repository/org/codehaus/plexus/plexus-compiler-javac/2.2/plexus-compiler-javac-2.2.jar
7f3e928c6000-7f3e928c8000 r--s 00000000 fd:00 405984                     /home/leonardo/.m2/repository/org/codehaus/plexus/plexus-compiler-manager/2.2/plexus-compiler-manager-2.2.jar
7f3e928c8000-7f3e928ca000 r--s 00005000 fd:00 405983                     /home/leonardo/.m2/repository/org/codehaus/plexus/plexus-compiler-api/2.2/plexus-compiler-api-2.2.jar
7f3e928ca000-7f3e928cc000 r--s 00000000 fd:00 4460721                    /home/leonardo/.m2/repository/org/codehaus/plexus/plexus-component-annotations/1.5.5/plexus-component-annotations-1.5.5.jar
7f3e928cc000-7f3e928ce000 r--s 00002000 fd:00 405944                     /home/leonardo/.m2/repository/org/apache/maven/shared/maven-shared-incremental/1.1/maven-shared-incremental-1.1.jar
7f3e928ce000-7f3e928d1000 r--s 00023000 fd:00 4460796                    /home/leonardo/.m2/repository/org/apache/maven/shared/maven-shared-utils/0.1/maven-shared-utils-0.1.jar
7f3e928d1000-7f3e928d5000 r--s 00030000 fd:00 405943                     /home/leonardo/.m2/repository/org/codehaus/plexus/plexus-utils/1.5.1/plexus-utils-1.5.1.jar
7f3e928d5000-7f3e928d7000 r--s 00009000 fd:00 405801                     /home/leonardo/.m2/repository/org/apache/maven/plugins/maven-compiler-plugin/3.1/maven-compiler-plugin-3.1.jar
7f3e928d7000-7f3e928d9000 r--s 0000d000 fd:00 405730                     /home/leonardo/.m2/repository/org/codehaus/plexus/plexus-interpolation/1.13/plexus-interpolation-1.13.jar
7f3e928d9000-7f3e928da000 r--s 00001000 fd:00 2892583                    /home/leonardo/.m2/repository/org/sonatype/plexus/plexus-build-api/0.0.4/plexus-build-api-0.0.4.jar
7f3e928da000-7f3e928dc000 r--s 00009000 fd:00 405727                     /home/leonardo/.m2/repository/org/apache/maven/shared/maven-filtering/1.1/maven-filtering-1.1.jar
7f3e928dc000-7f3e928e0000 r--s 00033000 fd:00 405725                     /home/leonardo/.m2/repository/org/codehaus/plexus/plexus-utils/2.0.5/plexus-utils-2.0.5.jar
7f3e928e0000-7f3e928e3000 r--s 0001b000 fd:00 3427088                    /home/leonardo/.m2/repository/junit/junit/3.8.1/junit-3.8.1.jar
7f3e928e3000-7f3e928e5000 r--s 00002000 fd:00 4328944                    /home/leonardo/.m2/repository/org/codehaus/plexus/plexus-interactivity-api/1.0-alpha-4/plexus-interactivity-api-1.0-alpha-4.jar
7f3e928e5000-7f3e928e7000 r--s 00006000 fd:00 4460785                    /home/leonardo/.m2/repository/commons-cli/commons-cli/1.0/commons-cli-1.0.jar
7f3e928e7000-7f3e928e8000 r--s 00001000 fd:00 4329055                    /home/leonardo/.m2/repository/org/apache/maven/doxia/doxia-sink-api/1.0-alpha-7/doxia-sink-api-1.0-alpha-7.jar
7f3e928e8000-7f3e92ae8000 rw-p 00000000 00:00 0 
7f3e92ae8000-7f3e92aeb000 r--s 00027000 fd:00 405674                     /home/leonardo/.m2/repository/org/codehaus/plexus/plexus-utils/1.1/plexus-utils-1.1.jar
7f3e92aeb000-7f3e92afc000 r-xp 00000000 fd:00 2368229                    /usr/local/java/jdk1.8.0_191/jre/lib/amd64/libnio.so
7f3e92afc000-7f3e92cfb000 ---p 00011000 fd:00 2368229                    /usr/local/java/jdk1.8.0_191/jre/lib/amd64/libnio.so
7f3e92cfb000-7f3e92cfc000 r--p 00010000 fd:00 2368229                    /usr/local/java/jdk1.8.0_191/jre/lib/amd64/libnio.so
7f3e92cfc000-7f3e92cfd000 rw-p 00011000 fd:00 2368229                    /usr/local/java/jdk1.8.0_191/jre/lib/amd64/libnio.so
7f3e92cfd000-7f3e92d13000 r-xp 00000000 fd:00 2368226                    /usr/local/java/jdk1.8.0_191/jre/lib/amd64/libnet.so
7f3e92d13000-7f3e92f12000 ---p 00016000 fd:00 2368226                    /usr/local/java/jdk1.8.0_191/jre/lib/amd64/libnet.so
7f3e92f12000-7f3e92f13000 r--p 00015000 fd:00 2368226                    /usr/local/java/jdk1.8.0_191/jre/lib/amd64/libnet.so
7f3e92f13000-7f3e92f14000 rw-p 00016000 fd:00 2368226                    /usr/local/java/jdk1.8.0_191/jre/lib/amd64/libnet.so
7f3e92f14000-7f3e93114000 rw-p 00000000 00:00 0 
7f3e93114000-7f3e93314000 rw-p 00000000 00:00 0 
7f3e93314000-7f3e93514000 rw-p 00000000 00:00 0 
7f3e93514000-7f3e93530000 r--s 00393000 fd:00 2629852                    /usr/local/java/jdk1.8.0_191/jre/lib/ext/cldrdata.jar
7f3e93530000-7f3e93531000 ---p 00000000 00:00 0 
7f3e93531000-7f3e93631000 rw-p 00000000 00:00 0 
7f3e93631000-7f3e94000000 r--p 00000000 fd:00 1972975                    /usr/lib/locale/locale-archive
7f3e94000000-7f3e94021000 rw-p 00000000 00:00 0 
7f3e94021000-7f3e98000000 ---p 00000000 00:00 0 
7f3e98000000-7f3e98021000 rw-p 00000000 00:00 0 
7f3e98021000-7f3e9c000000 ---p 00000000 00:00 0 
7f3e9c000000-7f3e9c29c000 rw-p 00000000 00:00 0 
7f3e9c29c000-7f3ea0000000 ---p 00000000 00:00 0 
7f3ea0000000-7f3ea0021000 rw-p 00000000 00:00 0 
7f3ea0021000-7f3ea4000000 ---p 00000000 00:00 0 
7f3ea4000000-7f3ea4002000 r--s 00006000 fd:00 405698                     /home/leonardo/.m2/repository/org/apache/maven/plugins/maven-resources-plugin/2.6/maven-resources-plugin-2.6.jar
7f3ea4002000-7f3ea4004000 r--s 00006000 fd:00 3936009                    /home/leonardo/.m2/repository/com/google/code/findbugs/jsr305/2.0.1/jsr305-2.0.1.jar
7f3ea4004000-7f3ea4008000 r--s 00026000 fd:00 4460735                    /home/leonardo/.m2/repository/org/apache/maven/shared/maven-shared-utils/0.7/maven-shared-utils-0.7.jar
7f3ea4008000-7f3ea400a000 r--s 00006000 fd:00 405671                     /home/leonardo/.m2/repository/org/apache/maven/plugins/maven-clean-plugin/2.6.1/maven-clean-plugin-2.6.1.jar
7f3ea400a000-7f3ea400f000 r--s 000a0000 fd:00 2368170                    /usr/local/java/jdk1.8.0_191/jre/lib/jsse.jar
7f3ea400f000-7f3ea4019000 r--s 00116000 fd:00 2629861                    /usr/local/java/jdk1.8.0_191/jre/lib/ext/localedata.jar
7f3ea4019000-7f3ea401b000 r--s 00009000 fd:00 1981839                    /usr/local/apache-maven-3.3.9/lib/maven-settings-builder-3.3.9.jar
7f3ea401b000-7f3ea401f000 r--s 00027000 fd:00 1981870                    /usr/local/apache-maven-3.3.9/lib/commons-io-2.2.jar
7f3ea401f000-7f3ea4021000 r--s 00000000 fd:00 1981842                    /usr/local/apache-maven-3.3.9/lib/plexus-component-annotations-1.6.jar
7f3ea4021000-7f3ea4024000 r--s 0000d000 fd:00 1981841                    /usr/local/apache-maven-3.3.9/lib/plexus-interpolation-1.21.jar
7f3ea4024000-7f3ea4026000 r--s 00006000 fd:00 1981857                    /usr/local/apache-maven-3.3.9/lib/aether-spi-1.0.2.v20150114.jar
7f3ea4026000-7f3ea402a000 r--s 00038000 fd:00 1981835                    /usr/local/apache-maven-3.3.9/lib/plexus-utils-3.0.22.jar
7f3ea402a000-7f3ea4030000 r--s 00042000 fd:00 1981868                    /usr/local/apache-maven-3.3.9/lib/jsoup-1.7.2.jar
7f3ea4030000-7f3ea4033000 ---p 00000000 00:00 0 
7f3ea4033000-7f3ea4131000 rw-p 00000000 00:00 0 
7f3ea4131000-7f3ea4132000 ---p 00000000 00:00 0 
7f3ea4132000-7f3ea4135000 ---p 00000000 00:00 0 
7f3ea4135000-7f3ea4232000 rw-p 00000000 00:00 0 
7f3ea4232000-7f3ea4233000 ---p 00000000 00:00 0 
7f3ea4233000-7f3ea4236000 ---p 00000000 00:00 0 
7f3ea4236000-7f3ea4333000 rw-p 00000000 00:00 0 
7f3ea4333000-7f3ea4336000 ---p 00000000 00:00 0 
7f3ea4336000-7f3ea4434000 rw-p 00000000 00:00 0 
7f3ea4434000-7f3ea4437000 ---p 00000000 00:00 0 
7f3ea4437000-7f3ea4535000 rw-p 00000000 00:00 0 
7f3ea4535000-7f3ea4538000 ---p 00000000 00:00 0 
7f3ea4538000-7f3ea4636000 rw-p 00000000 00:00 0 
7f3ea4636000-7f3ea4637000 ---p 00000000 00:00 0 
7f3ea4637000-7f3ea8000000 rw-p 00000000 00:00 0 
7f3ea8000000-7f3ea8021000 rw-p 00000000 00:00 0 
7f3ea8021000-7f3eac000000 ---p 00000000 00:00 0 
7f3eac000000-7f3eac001000 r--s 00002000 fd:00 4329054                    /home/leonardo/.m2/repository/org/apache/maven/reporting/maven-reporting-api/2.0.6/maven-reporting-api-2.0.6.jar
7f3eac001000-7f3eac002000 r--s 00003000 fd:00 1981840                    /usr/local/apache-maven-3.3.9/lib/maven-builder-support-3.3.9.jar
7f3eac002000-7f3eac00f000 r--s 0008f000 fd:00 1981836                    /usr/local/apache-maven-3.3.9/lib/maven-core-3.3.9.jar
7f3eac00f000-7f3eac011000 r--s 00002000 fd:00 1981844                    /usr/local/apache-maven-3.3.9/lib/plexus-cipher-1.7.jar
7f3eac011000-7f3eac012000 r--s 00000000 fd:00 1981851                    /usr/local/apache-maven-3.3.9/lib/javax.inject-1.jar
7f3eac012000-7f3eac01a000 r--s 00055000 fd:00 1981852                    /usr/local/apache-maven-3.3.9/lib/org.eclipse.sisu.inject-0.3.2.jar
7f3eac01a000-7f3eac01c000 r--s 00005000 fd:00 1981873                    /usr/local/apache-maven-3.3.9/lib/aether-transport-wagon-1.0.2.v20150114.jar
7f3eac01c000-7f3eac023000 r--s 00064000 fd:00 1981838                    /usr/local/apache-maven-3.3.9/lib/commons-lang3-3.4.jar
7f3eac023000-7f3eac026000 r--s 00008000 fd:00 1981849                    /usr/local/apache-maven-3.3.9/lib/cdi-api-1.0.jar
7f3eac026000-7f3eac02b000 r--s 0001d000 fd:00 1981856                    /usr/local/apache-maven-3.3.9/lib/aether-api-1.0.2.v20150114.jar
7f3eac02b000-7f3eac031000 r--s 0002d000 fd:00 1981848                    /usr/local/apache-maven-3.3.9/lib/org.eclipse.sisu.plexus-0.3.2.jar
7f3eac031000-7f3eac05f000 r--s 001fa000 fd:00 1981866                    /usr/local/apache-maven-3.3.9/lib/wagon-http-2.10-shaded.jar
7f3eac05f000-7f3eac08a000 r--s 001fc000 fd:00 1981854                    /usr/local/apache-maven-3.3.9/lib/guava-18.0.jar
7f3eac08a000-7f3eac0d9000 rw-p 00000000 00:00 0 
7f3eac0d9000-7f3eac2b3000 r--s 03d6c000 fd:00 2368165                    /usr/local/java/jdk1.8.0_191/jre/lib/rt.jar
7f3eac2b3000-7f3eac5a5000 rw-p 00000000 00:00 0 
7f3eac5a5000-7f3eac5a6000 ---p 00000000 00:00 0 
7f3eac5a6000-7f3eac6a6000 rw-p 00000000 00:00 0 
7f3eac6a6000-7f3eac6a7000 ---p 00000000 00:00 0 
7f3eac6a7000-7f3eac7c3000 rw-p 00000000 00:00 0 
7f3eac7c3000-7f3eac94f000 ---p 00000000 00:00 0 
7f3eac94f000-7f3eac9ae000 rw-p 00000000 00:00 0 
7f3eac9ae000-7f3eaca23000 ---p 00000000 00:00 0 
7f3eaca23000-7f3eaca65000 rw-p 00000000 00:00 0 
7f3eaca65000-7f3eacde4000 ---p 00000000 00:00 0 
7f3eacde4000-7f3eade14000 rwxp 00000000 00:00 0 
7f3eade14000-7f3ebbde4000 ---p 00000000 00:00 0 
7f3ebbde4000-7f3ebbdfe000 r-xp 00000000 fd:00 2368222                    /usr/local/java/jdk1.8.0_191/jre/lib/amd64/libzip.so
7f3ebbdfe000-7f3ebbffe000 ---p 0001a000 fd:00 2368222                    /usr/local/java/jdk1.8.0_191/jre/lib/amd64/libzip.so
7f3ebbffe000-7f3ebbfff000 r--p 0001a000 fd:00 2368222                    /usr/local/java/jdk1.8.0_191/jre/lib/amd64/libzip.so
7f3ebbfff000-7f3ebc000000 rw-p 0001b000 fd:00 2368222                    /usr/local/java/jdk1.8.0_191/jre/lib/amd64/libzip.so
7f3ebc000000-7f3ebd12c000 rw-p 00000000 00:00 0 
7f3ebd12c000-7f3ec0000000 ---p 00000000 00:00 0 
7f3ec0000000-7f3ec0001000 r--s 00002000 fd:00 1981867                    /usr/local/apache-maven-3.3.9/lib/wagon-http-shared-2.10.jar
7f3ec0001000-7f3ec0003000 r--s 0000c000 fd:00 1981846                    /usr/local/apache-maven-3.3.9/lib/maven-artifact-3.3.9.jar
7f3ec0003000-7f3ec0004000 r--s 00001000 fd:00 1981850                    /usr/local/apache-maven-3.3.9/lib/jsr250-api-1.0.jar
7f3ec0004000-7f3ec0005000 r--s 00008000 fd:00 1981872                    /usr/local/apache-maven-3.3.9/lib/aether-connector-basic-1.0.2.v20150114.jar
7f3ec0005000-7f3ec0006000 r--s 00006000 fd:00 1981843                    /usr/local/apache-maven-3.3.9/lib/plexus-sec-dispatcher-1.3.jar
7f3ec0006000-7f3ec0008000 r--s 00005000 fd:00 1981864                    /usr/local/apache-maven-3.3.9/lib/slf4j-api-1.7.5.jar
7f3ec0008000-7f3ec000e000 r--s 00041000 fd:00 1981862                    /usr/local/apache-maven-3.3.9/lib/maven-compat-3.3.9.jar
7f3ec000e000-7f3ec0010000 r--s 00000000 fd:00 1981861                    /usr/local/apache-maven-3.3.9/lib/aopalliance-1.0.jar
7f3ec0010000-7f3ec0012000 r--s 00009000 fd:00 1981865                    /usr/local/apache-maven-3.3.9/lib/commons-cli-1.2.jar
7f3ec0012000-7f3ec0013000 r--s 0000a000 fd:00 1981834                    /usr/local/apache-maven-3.3.9/lib/maven-settings-3.3.9.jar
7f3ec0013000-7f3ec0015000 r--s 0000f000 fd:00 1981855                    /usr/local/apache-maven-3.3.9/lib/maven-aether-provider-3.3.9.jar
7f3ec0015000-7f3ec0019000 r--s 00027000 fd:00 1981859                    /usr/local/apache-maven-3.3.9/lib/aether-impl-1.0.2.v20150114.jar
7f3ec0019000-7f3ec001c000 r--s 0000b000 fd:00 1981863                    /usr/local/apache-maven-3.3.9/lib/wagon-provider-api-2.10.jar
7f3ec001c000-7f3ec0021000 r--s 00027000 fd:00 1981853                    /usr/local/apache-maven-3.3.9/lib/maven-model-builder-3.3.9.jar
7f3ec0021000-7f3ec0024000 r--s 00026000 fd:00 1981837                    /usr/local/apache-maven-3.3.9/lib/maven-model-3.3.9.jar
7f3ec0024000-7f3ec002d000 r--s 0005f000 fd:00 1981860                    /usr/local/apache-maven-3.3.9/lib/guice-4.0-no_aop.jar
7f3ec002d000-7f3ec006a000 rw-p 00000000 00:00 0 
7f3ec006a000-7f3ec01f6000 ---p 00000000 00:00 0 
7f3ec01f6000-7f3ec0201000 r-xp 00000000 fd:00 2102563                    /lib/x86_64-linux-gnu/libnss_files-2.27.so
7f3ec0201000-7f3ec0400000 ---p 0000b000 fd:00 2102563                    /lib/x86_64-linux-gnu/libnss_files-2.27.so
7f3ec0400000-7f3ec0401000 r--p 0000a000 fd:00 2102563                    /lib/x86_64-linux-gnu/libnss_files-2.27.so
7f3ec0401000-7f3ec0402000 rw-p 0000b000 fd:00 2102563                    /lib/x86_64-linux-gnu/libnss_files-2.27.so
7f3ec0402000-7f3ec0408000 rw-p 00000000 00:00 0 
7f3ec0408000-7f3ec041f000 r-xp 00000000 fd:00 2102557                    /lib/x86_64-linux-gnu/libnsl-2.27.so
7f3ec041f000-7f3ec061e000 ---p 00017000 fd:00 2102557                    /lib/x86_64-linux-gnu/libnsl-2.27.so
7f3ec061e000-7f3ec061f000 r--p 00016000 fd:00 2102557                    /lib/x86_64-linux-gnu/libnsl-2.27.so
7f3ec061f000-7f3ec0620000 rw-p 00017000 fd:00 2102557                    /lib/x86_64-linux-gnu/libnsl-2.27.so
7f3ec0620000-7f3ec0622000 rw-p 00000000 00:00 0 
7f3ec0622000-7f3ec062d000 r-xp 00000000 fd:00 2102574                    /lib/x86_64-linux-gnu/libnss_nis-2.27.so
7f3ec062d000-7f3ec082c000 ---p 0000b000 fd:00 2102574                    /lib/x86_64-linux-gnu/libnss_nis-2.27.so
7f3ec082c000-7f3ec082d000 r--p 0000a000 fd:00 2102574                    /lib/x86_64-linux-gnu/libnss_nis-2.27.so
7f3ec082d000-7f3ec082e000 rw-p 0000b000 fd:00 2102574                    /lib/x86_64-linux-gnu/libnss_nis-2.27.so
7f3ec082e000-7f3ec0836000 r-xp 00000000 fd:00 2102559                    /lib/x86_64-linux-gnu/libnss_compat-2.27.so
7f3ec0836000-7f3ec0a36000 ---p 00008000 fd:00 2102559                    /lib/x86_64-linux-gnu/libnss_compat-2.27.so
7f3ec0a36000-7f3ec0a37000 r--p 00008000 fd:00 2102559                    /lib/x86_64-linux-gnu/libnss_compat-2.27.so
7f3ec0a37000-7f3ec0a38000 rw-p 00009000 fd:00 2102559                    /lib/x86_64-linux-gnu/libnss_compat-2.27.so
7f3ec0a38000-7f3ec0a65000 r-xp 00000000 fd:00 2368216                    /usr/local/java/jdk1.8.0_191/jre/lib/amd64/libjava.so
7f3ec0a65000-7f3ec0c64000 ---p 0002d000 fd:00 2368216                    /usr/local/java/jdk1.8.0_191/jre/lib/amd64/libjava.so
7f3ec0c64000-7f3ec0c65000 r--p 0002c000 fd:00 2368216                    /usr/local/java/jdk1.8.0_191/jre/lib/amd64/libjava.so
7f3ec0c65000-7f3ec0c67000 rw-p 0002d000 fd:00 2368216                    /usr/local/java/jdk1.8.0_191/jre/lib/amd64/libjava.so
7f3ec0c67000-7f3ec0c74000 r-xp 00000000 fd:00 2368221                    /usr/local/java/jdk1.8.0_191/jre/lib/amd64/libverify.so
7f3ec0c74000-7f3ec0e73000 ---p 0000d000 fd:00 2368221                    /usr/local/java/jdk1.8.0_191/jre/lib/amd64/libverify.so
7f3ec0e73000-7f3ec0e75000 r--p 0000c000 fd:00 2368221                    /usr/local/java/jdk1.8.0_191/jre/lib/amd64/libverify.so
7f3ec0e75000-7f3ec0e76000 rw-p 0000e000 fd:00 2368221                    /usr/local/java/jdk1.8.0_191/jre/lib/amd64/libverify.so
7f3ec0e76000-7f3ec0e7d000 r-xp 00000000 fd:00 2102614                    /lib/x86_64-linux-gnu/librt-2.27.so
7f3ec0e7d000-7f3ec107c000 ---p 00007000 fd:00 2102614                    /lib/x86_64-linux-gnu/librt-2.27.so
7f3ec107c000-7f3ec107d000 r--p 00006000 fd:00 2102614                    /lib/x86_64-linux-gnu/librt-2.27.so
7f3ec107d000-7f3ec107e000 rw-p 00007000 fd:00 2102614                    /lib/x86_64-linux-gnu/librt-2.27.so
7f3ec107e000-7f3ec121b000 r-xp 00000000 fd:00 2102536                    /lib/x86_64-linux-gnu/libm-2.27.so
7f3ec121b000-7f3ec141a000 ---p 0019d000 fd:00 2102536                    /lib/x86_64-linux-gnu/libm-2.27.so
7f3ec141a000-7f3ec141b000 r--p 0019c000 fd:00 2102536                    /lib/x86_64-linux-gnu/libm-2.27.so
7f3ec141b000-7f3ec141c000 rw-p 0019d000 fd:00 2102536                    /lib/x86_64-linux-gnu/libm-2.27.so
7f3ec141c000-7f3ec20fe000 r-xp 00000000 fd:00 2762947                    /usr/local/java/jdk1.8.0_191/jre/lib/amd64/server/libjvm.so
7f3ec20fe000-7f3ec22fe000 ---p 00ce2000 fd:00 2762947                    /usr/local/java/jdk1.8.0_191/jre/lib/amd64/server/libjvm.so
7f3ec22fe000-7f3ec2394000 r--p 00ce2000 fd:00 2762947                    /usr/local/java/jdk1.8.0_191/jre/lib/amd64/server/libjvm.so
7f3ec2394000-7f3ec23c5000 rw-p 00d78000 fd:00 2762947                    /usr/local/java/jdk1.8.0_191/jre/lib/amd64/server/libjvm.so
7f3ec23c5000-7f3ec2400000 rw-p 00000000 00:00 0 
7f3ec2400000-7f3ec25e7000 r-xp 00000000 fd:00 2102473                    /lib/x86_64-linux-gnu/libc-2.27.so
7f3ec25e7000-7f3ec27e7000 ---p 001e7000 fd:00 2102473                    /lib/x86_64-linux-gnu/libc-2.27.so
7f3ec27e7000-7f3ec27eb000 r--p 001e7000 fd:00 2102473                    /lib/x86_64-linux-gnu/libc-2.27.so
7f3ec27eb000-7f3ec27ed000 rw-p 001eb000 fd:00 2102473                    /lib/x86_64-linux-gnu/libc-2.27.so
7f3ec27ed000-7f3ec27f1000 rw-p 00000000 00:00 0 
7f3ec27f1000-7f3ec27f4000 r-xp 00000000 fd:00 2102496                    /lib/x86_64-linux-gnu/libdl-2.27.so
7f3ec27f4000-7f3ec29f3000 ---p 00003000 fd:00 2102496                    /lib/x86_64-linux-gnu/libdl-2.27.so
7f3ec29f3000-7f3ec29f4000 r--p 00002000 fd:00 2102496                    /lib/x86_64-linux-gnu/libdl-2.27.so
7f3ec29f4000-7f3ec29f5000 rw-p 00003000 fd:00 2102496                    /lib/x86_64-linux-gnu/libdl-2.27.so
7f3ec29f5000-7f3ec2a0c000 r-xp 00000000 fd:00 1982291                    /usr/local/java/jdk1.8.0_191/lib/amd64/jli/libjli.so
7f3ec2a0c000-7f3ec2c0b000 ---p 00017000 fd:00 1982291                    /usr/local/java/jdk1.8.0_191/lib/amd64/jli/libjli.so
7f3ec2c0b000-7f3ec2c0c000 r--p 00016000 fd:00 1982291                    /usr/local/java/jdk1.8.0_191/lib/amd64/jli/libjli.so
7f3ec2c0c000-7f3ec2c0d000 rw-p 00017000 fd:00 1982291                    /usr/local/java/jdk1.8.0_191/lib/amd64/jli/libjli.so
7f3ec2c0d000-7f3ec2c27000 r-xp 00000000 fd:00 2102606                    /lib/x86_64-linux-gnu/libpthread-2.27.so
7f3ec2c27000-7f3ec2e26000 ---p 0001a000 fd:00 2102606                    /lib/x86_64-linux-gnu/libpthread-2.27.so
7f3ec2e26000-7f3ec2e27000 r--p 00019000 fd:00 2102606                    /lib/x86_64-linux-gnu/libpthread-2.27.so
7f3ec2e27000-7f3ec2e28000 rw-p 0001a000 fd:00 2102606                    /lib/x86_64-linux-gnu/libpthread-2.27.so
7f3ec2e28000-7f3ec2e2c000 rw-p 00000000 00:00 0 
7f3ec2e2c000-7f3ec2e53000 r-xp 00000000 fd:00 2102445                    /lib/x86_64-linux-gnu/ld-2.27.so
7f3ec2e53000-7f3ec2e54000 r--s 00002000 fd:00 1981874                    /usr/local/apache-maven-3.3.9/lib/slf4j-simple-1.7.5.jar
7f3ec2e54000-7f3ec2e59000 r--s 00041000 fd:00 1981869                    /usr/local/apache-maven-3.3.9/lib/commons-lang-2.6.jar
7f3ec2e59000-7f3ec2f37000 rw-p 00000000 00:00 0 
7f3ec2f37000-7f3ec2f38000 ---p 00000000 00:00 0 
7f3ec2f38000-7f3ec2f3b000 ---p 00000000 00:00 0 
7f3ec2f3b000-7f3ec303c000 rw-p 00000000 00:00 0 
7f3ec303c000-7f3ec303e000 r--s 0000a000 fd:00 1981847                    /usr/local/apache-maven-3.3.9/lib/maven-plugin-api-3.3.9.jar
7f3ec303e000-7f3ec303f000 r--s 00002000 fd:00 1981871                    /usr/local/apache-maven-3.3.9/lib/wagon-file-2.10.jar
7f3ec303f000-7f3ec3040000 r--s 00006000 fd:00 1981845                    /usr/local/apache-maven-3.3.9/lib/maven-repository-metadata-3.3.9.jar
7f3ec3040000-7f3ec3043000 r--s 00013000 fd:00 1981833                    /usr/local/apache-maven-3.3.9/lib/maven-embedder-3.3.9.jar
7f3ec3043000-7f3ec3047000 r--s 00020000 fd:00 1981858                    /usr/local/apache-maven-3.3.9/lib/aether-util-1.0.2.v20150114.jar
7f3ec3047000-7f3ec3049000 r--s 0000b000 fd:00 1981831                    /usr/local/apache-maven-3.3.9/boot/plexus-classworlds-2.5.2.jar
7f3ec3049000-7f3ec3051000 rw-s 00000000 fd:00 2631258                    /tmp/hsperfdata_leonardo/4849
7f3ec3051000-7f3ec3052000 rw-p 00000000 00:00 0 
7f3ec3052000-7f3ec3053000 ---p 00000000 00:00 0 
7f3ec3053000-7f3ec3054000 r--p 00027000 fd:00 2102445                    /lib/x86_64-linux-gnu/ld-2.27.so
7f3ec3054000-7f3ec3055000 rw-p 00028000 fd:00 2102445                    /lib/x86_64-linux-gnu/ld-2.27.so
7f3ec3055000-7f3ec3056000 rw-p 00000000 00:00 0 
7ffeabbd5000-7ffeabbf6000 rw-p 00000000 00:00 0                          [stack]
7ffeabbfb000-7ffeabbfe000 r--p 00000000 00:00 0                          [vvar]
7ffeabbfe000-7ffeabc00000 r-xp 00000000 00:00 0                          [vdso]
ffffffffff600000-ffffffffff601000 r-xp 00000000 00:00 0                  [vsyscall]

VM Arguments:
jvm_args: -Dclassworlds.conf=/usr/local/apache-maven-3.3.9/bin/m2.conf -Dmaven.home=/usr/local/apache-maven-3.3.9 -Dmaven.multiModuleProjectDirectory=/home/leonardo/Git/nfv-sol-libs/NFV_MANO_SOL001_LIBS_DESCRIPTORS 
java_command: org.codehaus.plexus.classworlds.launcher.Launcher clean install
java_class_path (initial): /usr/local/apache-maven-3.3.9/boot/plexus-classworlds-2.5.2.jar
Launcher Type: SUN_STANDARD

Environment Variables:
JAVA_HOME=/usr/local/java/jdk1.8.0_191
PATH=/usr/local/java/jdk1.8.0_191/bin:/usr/local/apache-maven-3.3.9/bin:/usr/local/sbin:/usr/local/bin:/usr/sbin:/usr/bin:/sbin:/bin:/usr/games:/usr/local/games:/snap/bin
USERNAME=leonardo
SHELL=/bin/bash
DISPLAY=:0

Signal Handlers:
SIGSEGV: [libjvm.so+0xaced60], sa_mask[0]=11111111011111111101111111111110, sa_flags=SA_RESTART|SA_SIGINFO
SIGBUS: [libjvm.so+0xaced60], sa_mask[0]=11111111011111111101111111111110, sa_flags=SA_RESTART|SA_SIGINFO
SIGFPE: [libjvm.so+0x907ca0], sa_mask[0]=11111111011111111101111111111110, sa_flags=SA_RESTART|SA_SIGINFO
SIGPIPE: [libjvm.so+0x907ca0], sa_mask[0]=11111111011111111101111111111110, sa_flags=SA_RESTART|SA_SIGINFO
SIGXFSZ: [libjvm.so+0x907ca0], sa_mask[0]=11111111011111111101111111111110, sa_flags=SA_RESTART|SA_SIGINFO
SIGILL: [libjvm.so+0x907ca0], sa_mask[0]=11111111011111111101111111111110, sa_flags=SA_RESTART|SA_SIGINFO
SIGUSR1: SIG_DFL, sa_mask[0]=00000000000000000000000000000000, sa_flags=none
SIGUSR2: [libjvm.so+0x907b70], sa_mask[0]=00000000000000000000000000000000, sa_flags=SA_RESTART|SA_SIGINFO
SIGHUP: [libjvm.so+0x908190], sa_mask[0]=11111111011111111101111111111110, sa_flags=SA_RESTART|SA_SIGINFO
SIGINT: [libjvm.so+0x908190], sa_mask[0]=11111111011111111101111111111110, sa_flags=SA_RESTART|SA_SIGINFO
SIGTERM: [libjvm.so+0x908190], sa_mask[0]=11111111011111111101111111111110, sa_flags=SA_RESTART|SA_SIGINFO
SIGQUIT: [libjvm.so+0x908190], sa_mask[0]=11111111011111111101111111111110, sa_flags=SA_RESTART|SA_SIGINFO


---------------  S Y S T E M  ---------------

OS:DISTRIB_ID=Ubuntu
DISTRIB_RELEASE=18.04
DISTRIB_CODENAME=bionic
DISTRIB_DESCRIPTION="Ubuntu 18.04.2 LTS"

uname:Linux 4.15.0-51-generic #55-Ubuntu SMP Wed May 15 14:27:21 UTC 2019 x86_64
libc:glibc 2.27 NPTL 2.27 
rlimit: STACK 8192k, CORE 0k, NPROC 20093, NOFILE 4096, AS infinity
load average:6,54 2,18 1,56

/proc/meminfo:
MemTotal:        5208924 kB
MemFree:          193892 kB
MemAvailable:     109692 kB
Buffers:            2096 kB
Cached:          1233844 kB
SwapCached:        11680 kB
Active:          4026020 kB
Inactive:         718812 kB
Active(anon):    4022256 kB
Inactive(anon):   686376 kB
Active(file):       3764 kB
Inactive(file):    32436 kB
Unevictable:         184 kB
Mlocked:             184 kB
SwapTotal:        999420 kB
SwapFree:          59556 kB
Dirty:               112 kB
Writeback:          3988 kB
AnonPages:       3497952 kB
Mapped:          1067324 kB
Shmem:           1199492 kB
Slab:              99468 kB
SReclaimable:      42012 kB
SUnreclaim:        57456 kB
KernelStack:       15520 kB
PageTables:        76200 kB
NFS_Unstable:          0 kB
Bounce:                0 kB
WritebackTmp:          0 kB
CommitLimit:     3603880 kB
Committed_AS:   12316208 kB
VmallocTotal:   34359738367 kB
VmallocUsed:           0 kB
VmallocChunk:          0 kB
HardwareCorrupted:     0 kB
AnonHugePages:         0 kB
ShmemHugePages:        0 kB
ShmemPmdMapped:        0 kB
CmaTotal:              0 kB
CmaFree:               0 kB
HugePages_Total:       0
HugePages_Free:        0
HugePages_Rsvd:        0
HugePages_Surp:        0
Hugepagesize:       2048 kB
DirectMap4k:      278464 kB
DirectMap2M:     5105664 kB

container (cgroup) information:
container_type: cgroupv1
cpu_cpuset_cpus: 0-1
cpu_memory_nodes: 0
active_processor_count: 2
cpu_quota: -1
cpu_period: 100000
cpu_shares: -1
memory_limit_in_bytes: -1
memory_and_swap_limit_in_bytes: -2
memory_soft_limit_in_bytes: -1
memory_usage_in_bytes: 4858687488
memory_max_usage_in_bytes: 0


CPU:total 2 (initial active 2) (2 cores per cpu, 1 threads per core) family 6 model 69 stepping 1, cmov, cx8, fxsr, mmx, sse, sse2, sse3, ssse3, sse4.1, sse4.2, popcnt, avx, avx2, aes, clmul, lzcnt, tsc, tscinvbit

/proc/cpuinfo:
processor	: 0
vendor_id	: GenuineIntel
cpu family	: 6
model		: 69
model name	: Intel(R) Core(TM) i7-4510U CPU @ 2.00GHz
stepping	: 1
cpu MHz		: 2593.994
cache size	: 4096 KB
physical id	: 0
siblings	: 2
core id		: 0
cpu cores	: 2
apicid		: 0
initial apicid	: 0
fpu		: yes
fpu_exception	: yes
cpuid level	: 13
wp		: yes
flags		: fpu vme de pse tsc msr pae mce cx8 apic sep mtrr pge mca cmov pat pse36 clflush mmx fxsr sse sse2 ht syscall nx rdtscp lm constant_tsc rep_good nopl xtopology nonstop_tsc cpuid tsc_known_freq pni pclmulqdq ssse3 cx16 pcid sse4_1 sse4_2 x2apic movbe popcnt aes xsave avx rdrand hypervisor lahf_lm abm invpcid_single pti fsgsbase avx2 invpcid
bugs		: cpu_meltdown spectre_v1 spectre_v2 spec_store_bypass l1tf mds
bogomips	: 5187.98
clflush size	: 64
cache_alignment	: 64
address sizes	: 39 bits physical, 48 bits virtual
power management:

processor	: 1
vendor_id	: GenuineIntel
cpu family	: 6
model		: 69
model name	: Intel(R) Core(TM) i7-4510U CPU @ 2.00GHz
stepping	: 1
cpu MHz		: 2593.994
cache size	: 4096 KB
physical id	: 0
siblings	: 2
core id		: 1
cpu cores	: 2
apicid		: 1
initial apicid	: 1
fpu		: yes
fpu_exception	: yes
cpuid level	: 13
wp		: yes
flags		: fpu vme de pse tsc msr pae mce cx8 apic sep mtrr pge mca cmov pat pse36 clflush mmx fxsr sse sse2 ht syscall nx rdtscp lm constant_tsc rep_good nopl xtopology nonstop_tsc cpuid tsc_known_freq pni pclmulqdq ssse3 cx16 pcid sse4_1 sse4_2 x2apic movbe popcnt aes xsave avx rdrand hypervisor lahf_lm abm invpcid_single pti fsgsbase avx2 invpcid
bugs		: cpu_meltdown spectre_v1 spectre_v2 spec_store_bypass l1tf mds
bogomips	: 5187.98
clflush size	: 64
cache_alignment	: 64
address sizes	: 39 bits physical, 48 bits virtual
power management:



Memory: 4k page, physical 5208924k(193892k free), swap 999420k(59556k free)

vm_info: Java HotSpot(TM) 64-Bit Server VM (25.191-b12) for linux-amd64 JRE (1.8.0_191-b12), built on Oct  6 2018 05:43:09 by "java_re" with gcc 7.3.0

time: Wed Jun 19 16:54:12 2019
elapsed time: 21 seconds (0d 0h 0m 21s)

